goalog_BINBING/app/build/intermediates/manifest_merge_blame_file/debug/manifest-merger-blame-debug-report.txt
1<?xml version="1.0" encoding="utf-8"?>
2<manifest xmlns:android="http://schemas.android.com/apk/res/android"
3    package="com.example.goalog"
4    android:versionCode="1"
5    android:versionName="1.0" >
6
7    <uses-sdk
8        android:minSdkVersion="16"
8-->src\main\AndroidManifest.xml
9        android:targetSdkVersion="31" />
9-->src\main\AndroidManifest.xml
10
11    <uses-permission android:name="android.permission.INTERNET" />
11-->[com.google.firebase:firebase-auth:21.0.1] AndroidManifest.xml:23:5-67
11-->[com.google.firebase:firebase-auth:21.0.1] AndroidManifest.xml:23:22-64
12    <uses-permission android:name="android.permission.ACCESS_NETWORK_STATE" />
12-->[com.google.firebase:firebase-auth:21.0.1] AndroidManifest.xml:24:5-79
12-->[com.google.firebase:firebase-auth:21.0.1] AndroidManifest.xml:24:22-76
13    <uses-permission android:name="android.permission.WAKE_LOCK" />
13-->[com.google.android.gms:play-services-measurement-api:19.0.2] AndroidManifest.xml:24:5-68
13-->[com.google.android.gms:play-services-measurement-api:19.0.2] AndroidManifest.xml:24:22-65
14    <uses-permission android:name="com.google.android.finsky.permission.BIND_GET_INSTALL_REFERRER_SERVICE" />
14-->[com.google.android.gms:play-services-measurement:19.0.2] AndroidManifest.xml:26:5-110
14-->[com.google.android.gms:play-services-measurement:19.0.2] AndroidManifest.xml:26:22-107
15
16    <application
16-->src\main\AndroidManifest.xml:5:5-55:19
17        android:name="androidx.multidex.MultiDexApplication"
18        android:allowBackup="true"
18-->src\main\AndroidManifest.xml:6:9-35
19        android:appComponentFactory="androidx.core.app.CoreComponentFactory"
19-->[androidx.core:core:1.5.0] AndroidManifest.xml:24:18-86
20        android:debuggable="true"
21        android:icon="@mipmap/ic_launcher"
21-->src\main\AndroidManifest.xml:7:9-43
22        android:label="@string/app_name"
22-->src\main\AndroidManifest.xml:8:9-41
23        android:roundIcon="@mipmap/ic_launcher_round"
23-->src\main\AndroidManifest.xml:9:9-54
24        android:supportsRtl="true"
24-->src\main\AndroidManifest.xml:10:9-35
25        android:testOnly="true"
26        android:theme="@style/Theme.Goalog" >
26-->src\main\AndroidManifest.xml:11:9-44
27        <activity
27-->src\main\AndroidManifest.xml:12:9-22:20
28            android:name="com.example.goalog.UserPageActivity"
28-->src\main\AndroidManifest.xml:13:13-45
29            android:exported="true"
29-->src\main\AndroidManifest.xml:14:13-36
30            android:label="@string/app_name"
30-->src\main\AndroidManifest.xml:15:13-45
31            android:theme="@style/Theme.Goalog.NoActionBar" >
31-->src\main\AndroidManifest.xml:16:13-60
32            <intent-filter>
32-->src\main\AndroidManifest.xml:17:13-21:29
33                <action android:name="android.intent.action.MAIN" />
33-->src\main\AndroidManifest.xml:18:17-69
33-->src\main\AndroidManifest.xml:18:25-66
34
35                <category android:name="android.intent.category.LAUNCHER" />
35-->src\main\AndroidManifest.xml:20:17-77
35-->src\main\AndroidManifest.xml:20:27-74
36            </intent-filter>
37        </activity>
38        <activity android:name="com.example.goalog.ScrollingActivity" >
38-->src\main\AndroidManifest.xml:23:9-25:20
38-->src\main\AndroidManifest.xml:24:13-46
39        </activity>
40        <activity
40-->src\main\AndroidManifest.xml:26:9-31:20
41            android:name="com.example.goalog.AddHabitActivity"
41-->src\main\AndroidManifest.xml:27:13-45
42            android:exported="true"
42-->src\main\AndroidManifest.xml:29:13-36
43            android:label="@string/app_name" >
43-->src\main\AndroidManifest.xml:28:13-45
44        </activity>
45        <activity
45-->src\main\AndroidManifest.xml:32:9-41:20
46            android:name="com.example.goalog.HabitListViewActivity"
46-->src\main\AndroidManifest.xml:33:13-50
47            android:exported="true"
47-->src\main\AndroidManifest.xml:35:13-36
48            android:label="@string/app_name" >
48-->src\main\AndroidManifest.xml:34:13-45
49            <intent-filter>
49-->src\main\AndroidManifest.xml:17:13-21:29
50                <action android:name="android.intent.action.MAIN" />
50-->src\main\AndroidManifest.xml:18:17-69
50-->src\main\AndroidManifest.xml:18:25-66
51
52                <category android:name="android.intent.category.LAUNCHER" />
52-->src\main\AndroidManifest.xml:20:17-77
52-->src\main\AndroidManifest.xml:20:27-74
53            </intent-filter>
54        </activity>
55        <activity
55-->src\main\AndroidManifest.xml:42:9-52:20
56            android:name="com.example.goalog.HabitEventListViewActivity"
56-->src\main\AndroidManifest.xml:43:13-55
57            android:exported="true"
57-->src\main\AndroidManifest.xml:45:13-36
58            android:label="@string/app_name"
58-->src\main\AndroidManifest.xml:44:13-45
59            android:theme="@style/Theme.Goalog.NoActionBar" >
59-->src\main\AndroidManifest.xml:46:13-60
60            <intent-filter>
60-->src\main\AndroidManifest.xml:17:13-21:29
61                <action android:name="android.intent.action.MAIN" />
61-->src\main\AndroidManifest.xml:18:17-69
61-->src\main\AndroidManifest.xml:18:25-66
62
63                <category android:name="android.intent.category.LAUNCHER" />
63-->src\main\AndroidManifest.xml:20:17-77
63-->src\main\AndroidManifest.xml:20:27-74
64            </intent-filter>
65        </activity>
66        <activity
66-->[com.google.firebase:firebase-auth:21.0.1] AndroidManifest.xml:27:9-44:20
67            android:name="com.google.firebase.auth.internal.GenericIdpActivity"
67-->[com.google.firebase:firebase-auth:21.0.1] AndroidManifest.xml:28:13-80
68            android:excludeFromRecents="true"
68-->[com.google.firebase:firebase-auth:21.0.1] AndroidManifest.xml:29:13-46
69            android:exported="true"
69-->[com.google.firebase:firebase-auth:21.0.1] AndroidManifest.xml:30:13-36
70            android:launchMode="singleTask"
70-->[com.google.firebase:firebase-auth:21.0.1] AndroidManifest.xml:31:13-44
71            android:theme="@android:style/Theme.Translucent.NoTitleBar" >
71-->[com.google.firebase:firebase-auth:21.0.1] AndroidManifest.xml:32:13-72
72            <intent-filter>
72-->[com.google.firebase:firebase-auth:21.0.1] AndroidManifest.xml:33:13-43:29
73                <action android:name="android.intent.action.VIEW" />
73-->[com.google.firebase:firebase-auth:21.0.1] AndroidManifest.xml:34:17-69
73-->[com.google.firebase:firebase-auth:21.0.1] AndroidManifest.xml:34:25-66
74
75                <category android:name="android.intent.category.DEFAULT" />
75-->[com.google.firebase:firebase-auth:21.0.1] AndroidManifest.xml:36:17-76
75-->[com.google.firebase:firebase-auth:21.0.1] AndroidManifest.xml:36:27-73
76                <category android:name="android.intent.category.BROWSABLE" />
76-->[com.google.firebase:firebase-auth:21.0.1] AndroidManifest.xml:37:17-78
76-->[com.google.firebase:firebase-auth:21.0.1] AndroidManifest.xml:37:27-75
77
78                <data
78-->[com.google.firebase:firebase-auth:21.0.1] AndroidManifest.xml:39:17-42:51
79                    android:host="firebase.auth"
79-->[com.google.firebase:firebase-auth:21.0.1] AndroidManifest.xml:40:21-49
80                    android:path="/"
80-->[com.google.firebase:firebase-auth:21.0.1] AndroidManifest.xml:41:21-37
81                    android:scheme="genericidp" />
81-->[com.google.firebase:firebase-auth:21.0.1] AndroidManifest.xml:42:21-48
82            </intent-filter>
83        </activity>
84        <activity
84-->[com.google.firebase:firebase-auth:21.0.1] AndroidManifest.xml:45:9-62:20
85            android:name="com.google.firebase.auth.internal.RecaptchaActivity"
85-->[com.google.firebase:firebase-auth:21.0.1] AndroidManifest.xml:46:13-79
86            android:excludeFromRecents="true"
86-->[com.google.firebase:firebase-auth:21.0.1] AndroidManifest.xml:47:13-46
87            android:exported="true"
87-->[com.google.firebase:firebase-auth:21.0.1] AndroidManifest.xml:48:13-36
88            android:launchMode="singleTask"
88-->[com.google.firebase:firebase-auth:21.0.1] AndroidManifest.xml:49:13-44
89            android:theme="@android:style/Theme.Translucent.NoTitleBar" >
89-->[com.google.firebase:firebase-auth:21.0.1] AndroidManifest.xml:50:13-72
90            <intent-filter>
90-->[com.google.firebase:firebase-auth:21.0.1] AndroidManifest.xml:51:13-61:29
91                <action android:name="android.intent.action.VIEW" />
91-->[com.google.firebase:firebase-auth:21.0.1] AndroidManifest.xml:34:17-69
91-->[com.google.firebase:firebase-auth:21.0.1] AndroidManifest.xml:34:25-66
92
93                <category android:name="android.intent.category.DEFAULT" />
93-->[com.google.firebase:firebase-auth:21.0.1] AndroidManifest.xml:36:17-76
93-->[com.google.firebase:firebase-auth:21.0.1] AndroidManifest.xml:36:27-73
94                <category android:name="android.intent.category.BROWSABLE" />
94-->[com.google.firebase:firebase-auth:21.0.1] AndroidManifest.xml:37:17-78
94-->[com.google.firebase:firebase-auth:21.0.1] AndroidManifest.xml:37:27-75
95
96                <data
96-->[com.google.firebase:firebase-auth:21.0.1] AndroidManifest.xml:39:17-42:51
97                    android:host="firebase.auth"
97-->[com.google.firebase:firebase-auth:21.0.1] AndroidManifest.xml:40:21-49
98                    android:path="/"
98-->[com.google.firebase:firebase-auth:21.0.1] AndroidManifest.xml:41:21-37
99                    android:scheme="recaptcha" />
99-->[com.google.firebase:firebase-auth:21.0.1] AndroidManifest.xml:42:21-48
100            </intent-filter>
101        </activity>
102
103        <service
103-->[com.google.firebase:firebase-auth:21.0.1] AndroidManifest.xml:64:9-73:19
104            android:name="com.google.firebase.auth.api.fallback.service.FirebaseAuthFallbackService"
104-->[com.google.firebase:firebase-auth:21.0.1] AndroidManifest.xml:65:13-101
105            android:enabled="true"
105-->[com.google.firebase:firebase-auth:21.0.1] AndroidManifest.xml:66:13-35
106            android:exported="false" >
106-->[com.google.firebase:firebase-auth:21.0.1] AndroidManifest.xml:67:13-37
107            <intent-filter>
107-->[com.google.firebase:firebase-auth:21.0.1] AndroidManifest.xml:68:13-72:29
108                <action android:name="com.google.firebase.auth.api.gms.service.START" />
108-->[com.google.firebase:firebase-auth:21.0.1] AndroidManifest.xml:69:17-89
108-->[com.google.firebase:firebase-auth:21.0.1] AndroidManifest.xml:69:25-86
109
110                <category android:name="android.intent.category.DEFAULT" />
110-->[com.google.firebase:firebase-auth:21.0.1] AndroidManifest.xml:36:17-76
110-->[com.google.firebase:firebase-auth:21.0.1] AndroidManifest.xml:36:27-73
111            </intent-filter>
112        </service>
113        <service
113-->[com.google.firebase:firebase-auth:21.0.1] AndroidManifest.xml:74:9-80:19
114            android:name="com.google.firebase.components.ComponentDiscoveryService"
114-->[com.google.firebase:firebase-auth:21.0.1] AndroidManifest.xml:75:13-84
115            android:directBootAware="true"
115-->[com.google.firebase:firebase-common:20.0.0] AndroidManifest.xml:35:13-43
116            android:exported="false" >
116-->[com.google.firebase:firebase-auth:21.0.1] AndroidManifest.xml:76:13-37
117            <meta-data
117-->[com.google.firebase:firebase-auth:21.0.1] AndroidManifest.xml:77:13-79:85
118                android:name="com.google.firebase.components:com.google.firebase.auth.FirebaseAuthRegistrar"
118-->[com.google.firebase:firebase-auth:21.0.1] AndroidManifest.xml:78:17-109
119                android:value="com.google.firebase.components.ComponentRegistrar" />
119-->[com.google.firebase:firebase-auth:21.0.1] AndroidManifest.xml:79:17-82
120            <meta-data
120-->[com.google.firebase:firebase-firestore:23.0.4] AndroidManifest.xml:20:13-22:85
121                android:name="com.google.firebase.components:com.google.firebase.firestore.FirestoreRegistrar"
121-->[com.google.firebase:firebase-firestore:23.0.4] AndroidManifest.xml:21:17-111
122                android:value="com.google.firebase.components.ComponentRegistrar" />
122-->[com.google.firebase:firebase-firestore:23.0.4] AndroidManifest.xml:22:17-82
123            <meta-data
123-->[com.google.android.gms:play-services-measurement-api:19.0.2] AndroidManifest.xml:30:13-32:85
124                android:name="com.google.firebase.components:com.google.firebase.analytics.connector.internal.AnalyticsConnectorRegistrar"
124-->[com.google.android.gms:play-services-measurement-api:19.0.2] AndroidManifest.xml:31:17-139
125                android:value="com.google.firebase.components.ComponentRegistrar" />
125-->[com.google.android.gms:play-services-measurement-api:19.0.2] AndroidManifest.xml:32:17-82
126            <meta-data
126-->[com.google.firebase:firebase-installations:17.0.0] AndroidManifest.xml:18:13-20:85
127                android:name="com.google.firebase.components:com.google.firebase.installations.FirebaseInstallationsRegistrar"
127-->[com.google.firebase:firebase-installations:17.0.0] AndroidManifest.xml:19:17-127
128                android:value="com.google.firebase.components.ComponentRegistrar" />
128-->[com.google.firebase:firebase-installations:17.0.0] AndroidManifest.xml:20:17-82
129        </service>
130
131        <provider
131-->[com.google.firebase:firebase-common:20.0.0] AndroidManifest.xml:26:9-31:39
132            android:name="com.google.firebase.provider.FirebaseInitProvider"
132-->[com.google.firebase:firebase-common:20.0.0] AndroidManifest.xml:27:13-77
133            android:authorities="com.example.goalog.firebaseinitprovider"
133-->[com.google.firebase:firebase-common:20.0.0] AndroidManifest.xml:28:13-72
134            android:directBootAware="true"
134-->[com.google.firebase:firebase-common:20.0.0] AndroidManifest.xml:29:13-43
135            android:exported="false"
135-->[com.google.firebase:firebase-common:20.0.0] AndroidManifest.xml:30:13-37
136            android:initOrder="100" />
136-->[com.google.firebase:firebase-common:20.0.0] AndroidManifest.xml:31:13-36
137
138        <activity
138-->[com.google.android.gms:play-services-base:17.1.0] AndroidManifest.xml:23:9-26:75
139            android:name="com.google.android.gms.common.api.GoogleApiActivity"
139-->[com.google.android.gms:play-services-base:17.1.0] AndroidManifest.xml:24:13-79
140            android:exported="false"
140-->[com.google.android.gms:play-services-base:17.1.0] AndroidManifest.xml:25:13-37
141            android:theme="@android:style/Theme.Translucent.NoTitleBar" />
141-->[com.google.android.gms:play-services-base:17.1.0] AndroidManifest.xml:26:13-72
142
143        <receiver
143-->[com.google.android.gms:play-services-measurement:19.0.2] AndroidManifest.xml:29:9-33:20
144            android:name="com.google.android.gms.measurement.AppMeasurementReceiver"
144-->[com.google.android.gms:play-services-measurement:19.0.2] AndroidManifest.xml:30:13-85
145            android:enabled="true"
145-->[com.google.android.gms:play-services-measurement:19.0.2] AndroidManifest.xml:31:13-35
146            android:exported="false" >
146-->[com.google.android.gms:play-services-measurement:19.0.2] AndroidManifest.xml:32:13-37
147        </receiver>
148
149        <service
149-->[com.google.android.gms:play-services-measurement:19.0.2] AndroidManifest.xml:35:9-38:40
150            android:name="com.google.android.gms.measurement.AppMeasurementService"
150-->[com.google.android.gms:play-services-measurement:19.0.2] AndroidManifest.xml:36:13-84
151            android:enabled="true"
151-->[com.google.android.gms:play-services-measurement:19.0.2] AndroidManifest.xml:37:13-35
152            android:exported="false" />
152-->[com.google.android.gms:play-services-measurement:19.0.2] AndroidManifest.xml:38:13-37
153        <service
153-->[com.google.android.gms:play-services-measurement:19.0.2] AndroidManifest.xml:39:9-43:72
154            android:name="com.google.android.gms.measurement.AppMeasurementJobService"
154-->[com.google.android.gms:play-services-measurement:19.0.2] AndroidManifest.xml:40:13-87
155            android:enabled="true"
155-->[com.google.android.gms:play-services-measurement:19.0.2] AndroidManifest.xml:41:13-35
156            android:exported="false"
156-->[com.google.android.gms:play-services-measurement:19.0.2] AndroidManifest.xml:42:13-37
157            android:permission="android.permission.BIND_JOB_SERVICE" />
157-->[com.google.android.gms:play-services-measurement:19.0.2] AndroidManifest.xml:43:13-69
158
159        <meta-data
159-->[com.google.android.gms:play-services-basement:17.1.0] AndroidManifest.xml:23:9-25:69
160            android:name="com.google.android.gms.version"
160-->[com.google.android.gms:play-services-basement:17.1.0] AndroidManifest.xml:24:13-58
161            android:value="@integer/google_play_services_version" />
161-->[com.google.android.gms:play-services-basement:17.1.0] AndroidManifest.xml:25:13-66
162    </application>
163
164</manifest>